[  1%] Built target slam_toolbox__cpp
[  3%] Built target kartoSlamToolbox
[ 12%] Built target slam_toolbox__rosidl_generator_c
[ 21%] Built target slam_toolbox__rosidl_typesupport_cpp
[ 30%] Built target slam_toolbox__rosidl_typesupport_introspection_cpp
[ 39%] Built target slam_toolbox__rosidl_typesupport_introspection_c
[ 48%] Built target slam_toolbox__rosidl_typesupport_c
[ 57%] Built target slam_toolbox__rosidl_typesupport_fastrtps_cpp
[ 66%] Built target slam_toolbox__rosidl_typesupport_fastrtps_c
[ 66%] Built target slam_toolbox
[35m[1mScanning dependencies of target ceres_solver_plugin[0m
[ 67%] Built target slam_toolbox__py
[ 69%] Built target SlamToolboxPlugin
[ 77%] Built target slam_toolbox__python
[ 82%] Built target toolbox_common
[ 83%] [32mBuilding CXX object CMakeFiles/ceres_solver_plugin.dir/solvers/ceres_solver.cpp.o[0m
[ 85%] Built target slam_toolbox__rosidl_typesupport_fastrtps_c__pyext
[ 85%] Built target slam_toolbox__rosidl_typesupport_c__pyext
[ 86%] Built target slam_toolbox__rosidl_typesupport_introspection_c__pyext
[ 87%] Built target merge_maps_kinematic
[01m[K/home/salaheldinm/Penguins/src/slam_toolbox-foxy-devel/solvers/ceres_solver.cpp:55:1:[m[K [01;31m[Kerror: [m[Kstray â€˜[01m[K##[m[Kâ€™ in program
   55 | [01;31m[K##[m[K# Version 1: Adjusting Solver Options and Function Tolerances
      | [01;31m[K^~[m[K
[01m[K/home/salaheldinm/Penguins/src/slam_toolbox-foxy-devel/solvers/ceres_solver.cpp:55:3:[m[K [01;31m[Kerror: [m[Kstray â€˜[01m[K#[m[Kâ€™ in program
   55 | ##[01;31m[K#[m[K Version 1: Adjusting Solver Options and Function Tolerances
      |   [01;31m[K^[m[K
[01m[K/home/salaheldinm/Penguins/src/slam_toolbox-foxy-devel/solvers/ceres_solver.cpp:59:1:[m[K [01;31m[Kerror: [m[Kstray â€˜[01m[K`[m[Kâ€™ in program
   59 | [01;31m[K`[m[K``cpp
      | [01;31m[K^[m[K
[01m[K/home/salaheldinm/Penguins/src/slam_toolbox-foxy-devel/solvers/ceres_solver.cpp:59:2:[m[K [01;31m[Kerror: [m[Kstray â€˜[01m[K`[m[Kâ€™ in program
   59 | `[01;31m[K`[m[K`cpp
      |  [01;31m[K^[m[K
[01m[K/home/salaheldinm/Penguins/src/slam_toolbox-foxy-devel/solvers/ceres_solver.cpp:59:3:[m[K [01;31m[Kerror: [m[Kstray â€˜[01m[K`[m[Kâ€™ in program
   59 | ``[01;31m[K`[m[Kcpp
      |   [01;31m[K^[m[K
[ 89%] Built target async_slam_toolbox
[ 90%] Built target localization_slam_toolbox
[ 92%] Built target lifelong_slam_toolbox
[ 94%] Built target sync_slam_toolbox
[ 96%] Built target localization_slam_toolbox_node
[ 97%] Built target sync_slam_toolbox_node
[ 98%] Built target lifelong_slam_toolbox_node
[ 99%] Built target async_slam_toolbox_node
[01m[K/home/salaheldinm/Penguins/src/slam_toolbox-foxy-devel/solvers/ceres_solver.cpp:90:4:[m[K [01;31m[Kerror: [m[Kinvalid preprocessing directive #debug_logging_
   90 |   #[01;31m[Kdebug_logging_[m[K = node->get_parameter("debug_logging").as_bool();
      |    [01;31m[K^~~~~~~~~~~~~~[m[K
[01m[K/home/salaheldinm/Penguins/src/slam_toolbox-foxy-devel/solvers/ceres_solver.cpp:2:1:[m[K [01;31m[Kerror: [m[Kâ€˜[01m[KCeresSolver[m[Kâ€™ does not name a type
    2 | [01;31m[KCeresSolver[m[K::CeresSolver()
      | [01;31m[K^~~~~~~~~~~[m[K
[01m[K/home/salaheldinm/Penguins/src/slam_toolbox-foxy-devel/solvers/ceres_solver.cpp:12:6:[m[K [01;31m[Kerror: [m[Kâ€˜[01m[KCeresSolver[m[Kâ€™ has not been declared
   12 | void [01;31m[KCeresSolver[m[K::Configure(rclcpp::Node::SharedPtr node)
      |      [01;31m[K^~~~~~~~~~~[m[K
[01m[K/home/salaheldinm/Penguins/src/slam_toolbox-foxy-devel/solvers/ceres_solver.cpp:12:29:[m[K [01;31m[Kerror: [m[Kvariable or field â€˜[01m[KConfigure[m[Kâ€™ declared void
   12 | void CeresSolver::Configure([01;31m[Krclcpp[m[K::Node::SharedPtr node)
      |                             [01;31m[K^~~~~~[m[K
[01m[K/home/salaheldinm/Penguins/src/slam_toolbox-foxy-devel/solvers/ceres_solver.cpp:12:29:[m[K [01;31m[Kerror: [m[Kâ€˜[01m[Krclcpp[m[Kâ€™ has not been declared
make[2]: *** [CMakeFiles/ceres_solver_plugin.dir/build.make:63: CMakeFiles/ceres_solver_plugin.dir/solvers/ceres_solver.cpp.o] Error 1
make[1]: *** [CMakeFiles/Makefile2:460: CMakeFiles/ceres_solver_plugin.dir/all] Error 2
make: *** [Makefile:141: all] Error 2
